  imgui.cpp
  imgui_demo.cpp
  imgui_draw.cpp
  imgui_impl_glfw.cpp
  imgui_impl_opengl3.cpp
  imgui_tables.cpp
  imgui_widgets.cpp
  main.cpp
C:\Users\Hunter\Desktop\cpp\GLFWwindow\GLFWwindow\window.hpp(35,37): warning C4244: 'argument': conversion from 'float' to 'const int', possible loss of data
C:\Users\Hunter\Desktop\cpp\GLFWwindow\GLFWwindow\window.hpp(35,24): warning C4244: 'argument': conversion from 'float' to 'const int', possible loss of data
C:\Users\Hunter\Desktop\cpp\GLFWwindow\GLFWwindow\main.cpp(10,64): warning C4305: 'argument': truncation from 'double' to 'float'
C:\Users\Hunter\Desktop\cpp\GLFWwindow\GLFWwindow\main.cpp(10,60): warning C4305: 'argument': truncation from 'double' to 'float'
C:\Users\Hunter\Desktop\cpp\GLFWwindow\GLFWwindow\main.cpp(10,56): warning C4305: 'argument': truncation from 'double' to 'float'
C:\Users\Hunter\Desktop\cpp\GLFWwindow\GLFWwindow\main.cpp(11,70): warning C4305: 'argument': truncation from 'double' to 'float'
C:\Users\Hunter\Desktop\cpp\GLFWwindow\GLFWwindow\main.cpp(11,66): warning C4305: 'argument': truncation from 'double' to 'float'
C:\Users\Hunter\Desktop\cpp\GLFWwindow\GLFWwindow\main.cpp(11,62): warning C4305: 'argument': truncation from 'double' to 'float'
C:\Users\Hunter\Desktop\cpp\GLFWwindow\GLFWwindow\main.cpp(12,66): warning C4305: 'argument': truncation from 'double' to 'float'
C:\Users\Hunter\Desktop\cpp\GLFWwindow\GLFWwindow\main.cpp(12,62): warning C4305: 'argument': truncation from 'double' to 'float'
C:\Users\Hunter\Desktop\cpp\GLFWwindow\GLFWwindow\main.cpp(12,58): warning C4305: 'argument': truncation from 'double' to 'float'
  window.cpp
C:\Users\Hunter\Desktop\cpp\GLFWwindow\GLFWwindow\window.hpp(35,37): warning C4244: 'argument': conversion from 'float' to 'const int', possible loss of data
C:\Users\Hunter\Desktop\cpp\GLFWwindow\GLFWwindow\window.hpp(35,24): warning C4244: 'argument': conversion from 'float' to 'const int', possible loss of data
  Generating Code...
  GLFWwindow.vcxproj -> C:\Users\Hunter\Desktop\cpp\GLFWwindow\x64\Debug\GLFWwindow.exe
